<?xml version="1.0" encoding="UTF-8"?>
<testng-results skipped="0" failed="0" total="1" passed="1">
  <reporter-output>
  </reporter-output>
  <suite name="Suite" duration-ms="35878" started-at="2017-10-26T03:42:12Z" finished-at="2017-10-26T03:42:48Z">
    <groups>
    </groups>
    <test name="Run on Chrome" duration-ms="35878" started-at="2017-10-26T03:42:12Z" finished-at="2017-10-26T03:42:48Z">
      <class name="nightly_auto_001.s001_login">
        <test-method status="PASS" signature="setUp(java.lang.String)[pri:0, instance:nightly_auto_001.s001_login@6d763516]" name="setUp" is-config="true" duration-ms="15161" started-at="2017-10-26T10:42:12Z" finished-at="2017-10-26T10:42:27Z">
          <params>
            <param index="0">
              <value>
                <![CDATA[chrome]]>
              </value>
            </param>
          </params>
          <reporter-output>
          </reporter-output>
        </test-method> <!-- setUp -->
        <test-method status="PASS" signature="login_TC001()[pri:0, instance:nightly_auto_001.s001_login@6d763516]" name="login_TC001" duration-ms="18806" started-at="2017-10-26T10:42:27Z" finished-at="2017-10-26T10:42:46Z">
          <reporter-output>
          </reporter-output>
        </test-method> <!-- login_TC001 -->
        <test-method status="PASS" signature="tearsDown()[pri:0, instance:nightly_auto_001.s001_login@6d763516]" name="tearsDown" is-config="true" duration-ms="1867" started-at="2017-10-26T10:42:46Z" finished-at="2017-10-26T10:42:48Z">
          <reporter-output>
          </reporter-output>
        </test-method> <!-- tearsDown -->
      </class> <!-- nightly_auto_001.s001_login -->
    </test> <!-- Run on Chrome -->
  </suite> <!-- Suite -->
</testng-results>
